<?xml version="1.0" encoding="UTF-8" ?>
<testsuites>
  <testsuite errors="1" failures="0" hostname="blr8-112-75.labs.blr.novell.com" id="0" name="AllTests" package="com.demoapp.testsuites" skipped="0" tests="0" time="13.14" timestamp="2016-07-20T05:48:11">
      <properties>
[...]
</properties>

      <testcase classname="junit.framework.TestSuite" name="com.demoapp.ios.testcases.Suite001Test" time="0.0">
          <error message="A new session could not be created. (Original error: Bad app: /Users/admin/som/workspace/ios-auto/apps/UICatalog.app. App paths need to be absolute, or relative to the appium server install dir, or a URL to compressed file, or a special app name. cause: Error: Error locating the app: ENOENT, stat &apos;/Users/admin/som/workspace/ios-auto/apps/UICatalog.app&apos;) (WARNING: The server did not provide any stacktrace information)&#xa;Command duration or timeout: 287 milliseconds&#xa;Build info: version: &apos;2.53.0&apos;, revision: &apos;35ae25b&apos;, time: &apos;2016-03-15 17:00:58&apos;&#xa;System info: host: &apos;blr8-112-75.labs.blr.novell.com&apos;, ip: &apos;164.99.112.75&apos;, os.name: &apos;Mac OS X&apos;, os.arch: &apos;x86_64&apos;, os.version: &apos;10.10&apos;, java.version: &apos;1.8.0_73&apos;&#xa;Driver info: io.appium.java_client.ios.IOSDriver" type="org.openqa.selenium.SessionNotCreatedException">org.openqa.selenium.SessionNotCreatedException: A new session could not be created. (Original error: Bad app: /Users/admin/som/workspace/ios-auto/apps/UICatalog.app. App paths need to be absolute, or relative to the appium server install dir, or a URL to compressed file, or a special app name. cause: Error: Error locating the app: ENOENT, stat &apos;/Users/admin/som/workspace/ios-auto/apps/UICatalog.app&apos;) (WARNING: The server did not provide any stacktrace information)
Command duration or timeout: 287 milliseconds
Build info: version: &apos;2.53.0&apos;, revision: &apos;35ae25b&apos;, time: &apos;2016-03-15 17:00:58&apos;
System info: host: &apos;blr8-112-75.labs.blr.novell.com&apos;, ip: &apos;164.99.112.75&apos;, os.name: &apos;Mac OS X&apos;, os.arch: &apos;x86_64&apos;, os.version: &apos;10.10&apos;, java.version: &apos;1.8.0_73&apos;
Driver info: io.appium.java_client.ios.IOSDriver
	at java.lang.reflect.Constructor.newInstance(Constructor.java:422)
	at org.openqa.selenium.remote.ErrorHandler.createThrowable(ErrorHandler.java:206)
	at org.openqa.selenium.remote.ErrorHandler.throwIfResponseFailed(ErrorHandler.java:158)
	at org.openqa.selenium.remote.RemoteWebDriver.execute(RemoteWebDriver.java:678)
	at io.appium.java_client.DefaultGenericMobileDriver.execute(DefaultGenericMobileDriver.java:27)
	at io.appium.java_client.AppiumDriver.execute(AppiumDriver.java:1)
	at io.appium.java_client.ios.IOSDriver.execute(IOSDriver.java:1)
	at org.openqa.selenium.remote.RemoteWebDriver.startSession(RemoteWebDriver.java:249)
	at org.openqa.selenium.remote.RemoteWebDriver.&lt;init&gt;(RemoteWebDriver.java:131)
	at org.openqa.selenium.remote.RemoteWebDriver.&lt;init&gt;(RemoteWebDriver.java:158)
	at io.appium.java_client.DefaultGenericMobileDriver.&lt;init&gt;(DefaultGenericMobileDriver.java:22)
	at io.appium.java_client.AppiumDriver.&lt;init&gt;(AppiumDriver.java:202)
	at io.appium.java_client.ios.IOSDriver.&lt;init&gt;(IOSDriver.java:37)
	at com.ios.common.IOSAutomationBase.setUp(Unknown Source)
	at com.ios.common.IOSAutomationBase.init(Unknown Source)
</error>

      </testcase>

      <system-out><![CDATA[.......Starting the server..........
[36minfo[39m: Welcome to Appium v1.4.13 (REV c75d8adcb66a75818a542fe1891a34260c21f76a)
[36minfo[39m: Appium REST http interface listener started on 127.0.0.1:4723
[36minfo[39m: [debug] Non-default server args: {"address":"127.0.0.1"}
[36minfo[39m: Console LogLevel: debug
**************************************************************************
**********************APPIUM SERVER STARTED SUCCESSFULLY******************
**************************************************************************
>>>>>>>>>>>>>>>>>>Creating the driver object with capabilities
[36minfo[39m: [37m-->[39m [37mPOST[39m [37m/wd/hub/session[39m [90m{"desiredCapabilities":{"app":"/Users/admin/som/workspace/ios-auto/apps/UICatalog.app","platformName":"iOS","deviceName":"iPhone 5s"}}[39m
[36minfo[39m: Client User-Agent string: Apache-HttpClient/4.5.1 (Java/1.8.0_73)
[36minfo[39m: [debug] Using local app from desired caps: /Users/admin/som/workspace/ios-auto/apps/UICatalog.app
[36minfo[39m: [debug] Got configuration error, not starting session
[36minfo[39m: [debug] Cleaning up appium session
[36minfo[39m: [debug] Error: Bad app: /Users/admin/som/workspace/ios-auto/apps/UICatalog.app. App paths need to be absolute, or relative to the appium server install dir, or a URL to compressed file, or a special app name. cause: Error: Error locating the app: ENOENT, stat '/Users/admin/som/workspace/ios-auto/apps/UICatalog.app'
    at [object Object].<anonymous> (/Applications/Appium.app/Contents/Resources/node_modules/appium/lib/devices/ios/ios.js:188:13)
    at /Applications/Appium.app/Contents/Resources/node_modules/appium/lib/devices/device.js:82:16
    at FSReqWrap.oncomplete (fs.js:95:15)
[36minfo[39m: [debug] Responding to client with error: {"status":33,"value":{"message":"A new session could not be created. (Original error: Bad app: /Users/admin/som/workspace/ios-auto/apps/UICatalog.app. App paths need to be absolute, or relative to the appium server install dir, or a URL to compressed file, or a special app name. cause: Error: Error locating the app: ENOENT, stat '/Users/admin/som/workspace/ios-auto/apps/UICatalog.app')","origValue":"Bad app: /Users/admin/som/workspace/ios-auto/apps/UICatalog.app. App paths need to be absolute, or relative to the appium server install dir, or a URL to compressed file, or a special app name. cause: Error: Error locating the app: ENOENT, stat '/Users/admin/som/workspace/ios-auto/apps/UICatalog.app'"},"sessionId":null}
[36minfo[39m: [37m<-- POST /wd/hub/session [39m[31m500[39m[90m 24.357 ms - 724[39m [90m[39m
]]></system-out>

      <system-err><![CDATA[]]></system-err>

  </testsuite>
</testsuites>
